<?xml version="1.0" encoding="UTF-8"?>
<!-- Generated by org.testng.reporters.JUnitXMLReporter -->
<testsuite ignored="0" hostname="LAPTOP-NA3OQ0PP" failures="0" tests="11" name="Chrome Browser Test" time="3.17" errors="0" timestamp="2023-01-10T11:25:01 IST">
  <testcase classname="CrossBrowserTesting.BrowserTesting" name="BrowserOpening" time="2.235"/>
  <testcase classname="CrossBrowserTesting.BrowserTesting" name="verifyUrl" time="0.008"/>
  <testcase classname="CrossBrowserTesting.BrowserTesting" name="firstName" time="0.134"/>
  <testcase classname="CrossBrowserTesting.BrowserTesting" name="lastName" time="0.096"/>
  <testcase classname="CrossBrowserTesting.BrowserTesting" name="emailID" time="0.095"/>
  <testcase classname="CrossBrowserTesting.BrowserTesting" name="setPassword" time="0.093"/>
  <testcase classname="CrossBrowserTesting.BrowserTesting" name="SetDate" time="0.114"/>
  <testcase classname="CrossBrowserTesting.BrowserTesting" name="SetMonth" time="0.097"/>
  <testcase classname="CrossBrowserTesting.BrowserTesting" name="SetYear" time="0.087"/>
  <testcase classname="CrossBrowserTesting.BrowserTesting" name="SetGender" time="0.064"/>
  <testcase classname="CrossBrowserTesting.BrowserTesting" name="ClickLoginBtn" time="0.097"/>
</testsuite> <!-- Chrome Browser Test -->
