<?xml version="1.0" encoding="UTF-8"?>
<!-- Generated by org.testng.reporters.JUnitXMLReporter -->
<testsuite ignored="0" hostname="LAPTOP-NA3OQ0PP" failures="0" tests="11" name="Firefox Browser Test" time="5.487" errors="0" timestamp="2023-01-10T11:25:04 IST">
  <testcase classname="CrossBrowserTesting.BrowserTesting" name="BrowserOpening" time="4.007"/>
  <testcase classname="CrossBrowserTesting.BrowserTesting" name="verifyUrl" time="0.005"/>
  <testcase classname="CrossBrowserTesting.BrowserTesting" name="firstName" time="0.092"/>
  <testcase classname="CrossBrowserTesting.BrowserTesting" name="lastName" time="0.045"/>
  <testcase classname="CrossBrowserTesting.BrowserTesting" name="emailID" time="0.049"/>
  <testcase classname="CrossBrowserTesting.BrowserTesting" name="setPassword" time="0.029"/>
  <testcase classname="CrossBrowserTesting.BrowserTesting" name="SetDate" time="0.254"/>
  <testcase classname="CrossBrowserTesting.BrowserTesting" name="SetMonth" time="0.245"/>
  <testcase classname="CrossBrowserTesting.BrowserTesting" name="SetYear" time="0.245"/>
  <testcase classname="CrossBrowserTesting.BrowserTesting" name="SetGender" time="0.231"/>
  <testcase classname="CrossBrowserTesting.BrowserTesting" name="ClickLoginBtn" time="0.247"/>
</testsuite> <!-- Firefox Browser Test -->
