<?xml version="1.0" encoding="UTF-8"?>
<!-- Generated by org.testng.reporters.JUnitXMLReporter -->
<testsuite ignored="0" hostname="LAPTOP-NA3OQ0PP" failures="0" tests="11" name="Chrome Test" time="3.156" errors="0" timestamp="2023-01-10T11:49:34 IST">
  <testcase classname="CrossBrowserTesting.BrowserTesting" name="BrowserOpening" time="2.276"/>
  <testcase classname="CrossBrowserTesting.BrowserTesting" name="verifyUrl" time="0.006"/>
  <testcase classname="CrossBrowserTesting.BrowserTesting" name="firstName" time="0.132"/>
  <testcase classname="CrossBrowserTesting.BrowserTesting" name="lastName" time="0.096"/>
  <testcase classname="CrossBrowserTesting.BrowserTesting" name="emailID" time="0.093"/>
  <testcase classname="CrossBrowserTesting.BrowserTesting" name="setPassword" time="0.071"/>
  <testcase classname="CrossBrowserTesting.BrowserTesting" name="SetDate" time="0.103"/>
  <testcase classname="CrossBrowserTesting.BrowserTesting" name="SetMonth" time="0.099"/>
  <testcase classname="CrossBrowserTesting.BrowserTesting" name="SetYear" time="0.088"/>
  <testcase classname="CrossBrowserTesting.BrowserTesting" name="SetGender" time="0.065"/>
  <testcase classname="CrossBrowserTesting.BrowserTesting" name="ClickLoginBtn" time="0.082"/>
</testsuite> <!-- Chrome Test -->
