<?xml version="1.0" encoding="UTF-8"?>
<!-- Generated by org.testng.reporters.JUnitXMLReporter -->
<testsuite ignored="0" hostname="LAPTOP-NA3OQ0PP" failures="0" tests="11" name="Firefox Test" time="4.607" errors="0" timestamp="2023-01-10T11:49:39 IST">
  <testcase classname="CrossBrowserTesting.BrowserTesting" name="BrowserOpening" time="3.048"/>
  <testcase classname="CrossBrowserTesting.BrowserTesting" name="verifyUrl" time="0.004"/>
  <testcase classname="CrossBrowserTesting.BrowserTesting" name="firstName" time="0.095"/>
  <testcase classname="CrossBrowserTesting.BrowserTesting" name="lastName" time="0.044"/>
  <testcase classname="CrossBrowserTesting.BrowserTesting" name="emailID" time="0.059"/>
  <testcase classname="CrossBrowserTesting.BrowserTesting" name="setPassword" time="0.037"/>
  <testcase classname="CrossBrowserTesting.BrowserTesting" name="SetDate" time="0.29"/>
  <testcase classname="CrossBrowserTesting.BrowserTesting" name="SetMonth" time="0.254"/>
  <testcase classname="CrossBrowserTesting.BrowserTesting" name="SetYear" time="0.259"/>
  <testcase classname="CrossBrowserTesting.BrowserTesting" name="SetGender" time="0.241"/>
  <testcase classname="CrossBrowserTesting.BrowserTesting" name="ClickLoginBtn" time="0.262"/>
</testsuite> <!-- Firefox Test -->
