<?xml version="1.0" encoding="UTF-8"?>
<!-- Generated by org.testng.reporters.JUnitXMLReporter -->
<testsuite ignored="0" hostname="LAPTOP-NA3OQ0PP" failures="0" tests="11" name="Chrome Browser Test" time="3.922" errors="0" timestamp="2023-01-10T11:23:49 IST">
  <testcase classname="CrossBrowserTesting.BrowserTesting" name="BrowserOpening" time="3.05"/>
  <testcase classname="CrossBrowserTesting.BrowserTesting" name="verifyUrl" time="0.007"/>
  <testcase classname="CrossBrowserTesting.BrowserTesting" name="firstName" time="0.107"/>
  <testcase classname="CrossBrowserTesting.BrowserTesting" name="lastName" time="0.119"/>
  <testcase classname="CrossBrowserTesting.BrowserTesting" name="emailID" time="0.091"/>
  <testcase classname="CrossBrowserTesting.BrowserTesting" name="setPassword" time="0.065"/>
  <testcase classname="CrossBrowserTesting.BrowserTesting" name="SetDate" time="0.09"/>
  <testcase classname="CrossBrowserTesting.BrowserTesting" name="SetMonth" time="0.088"/>
  <testcase classname="CrossBrowserTesting.BrowserTesting" name="SetYear" time="0.1"/>
  <testcase classname="CrossBrowserTesting.BrowserTesting" name="SetGender" time="0.075"/>
  <testcase classname="CrossBrowserTesting.BrowserTesting" name="ClickLoginBtn" time="0.089"/>
</testsuite> <!-- Chrome Browser Test -->
