<?xml version="1.0" encoding="UTF-8"?>
<!-- Generated by org.testng.reporters.JUnitXMLReporter -->
<testsuite ignored="0" hostname="LAPTOP-NA3OQ0PP" failures="0" tests="11" name="Firefox Browser Test" time="6.526" errors="0" timestamp="2023-01-10T11:23:51 IST">
  <testcase classname="CrossBrowserTesting.BrowserTesting" name="BrowserOpening" time="4.067"/>
  <testcase classname="CrossBrowserTesting.BrowserTesting" name="verifyUrl" time="0.007"/>
  <testcase classname="CrossBrowserTesting.BrowserTesting" name="firstName" time="0.077"/>
  <testcase classname="CrossBrowserTesting.BrowserTesting" name="lastName" time="0.031"/>
  <testcase classname="CrossBrowserTesting.BrowserTesting" name="emailID" time="0.041"/>
  <testcase classname="CrossBrowserTesting.BrowserTesting" name="setPassword" time="0.035"/>
  <testcase classname="CrossBrowserTesting.BrowserTesting" name="SetDate" time="0.254"/>
  <testcase classname="CrossBrowserTesting.BrowserTesting" name="SetMonth" time="0.253"/>
  <testcase classname="CrossBrowserTesting.BrowserTesting" name="SetYear" time="0.262"/>
  <testcase classname="CrossBrowserTesting.BrowserTesting" name="SetGender" time="0.738"/>
  <testcase classname="CrossBrowserTesting.BrowserTesting" name="ClickLoginBtn" time="0.725"/>
</testsuite> <!-- Firefox Browser Test -->
