<?xml version="1.0" encoding="UTF-8"?>
<!-- Generated by org.testng.reporters.JUnitXMLReporter -->
<testsuite ignored="0" hostname="LAPTOP-NA3OQ0PP" failures="0" tests="11" name="Test" time="5.661" errors="0" timestamp="2023-01-10T11:44:53 IST">
  <testcase classname="CrossBrowserTesting.BrowserTesting" name="BrowserOpening" time="4.001"/>
  <testcase classname="CrossBrowserTesting.BrowserTesting" name="verifyUrl" time="0.01"/>
  <testcase classname="CrossBrowserTesting.BrowserTesting" name="firstName" time="0.117"/>
  <testcase classname="CrossBrowserTesting.BrowserTesting" name="lastName" time="0.077"/>
  <testcase classname="CrossBrowserTesting.BrowserTesting" name="emailID" time="0.058"/>
  <testcase classname="CrossBrowserTesting.BrowserTesting" name="setPassword" time="0.043"/>
  <testcase classname="CrossBrowserTesting.BrowserTesting" name="SetDate" time="0.29"/>
  <testcase classname="CrossBrowserTesting.BrowserTesting" name="SetMonth" time="0.267"/>
  <testcase classname="CrossBrowserTesting.BrowserTesting" name="SetYear" time="0.261"/>
  <testcase classname="CrossBrowserTesting.BrowserTesting" name="SetGender" time="0.245"/>
  <testcase classname="CrossBrowserTesting.BrowserTesting" name="ClickLoginBtn" time="0.244"/>
</testsuite> <!-- Test -->
