<?xml version="1.0" encoding="UTF-8"?>
<testng-results ignored="0" total="2" passed="2" failed="0" skipped="0">
  <reporter-output>
    <line>
      <![CDATA[Verifyfb_Logo]]>
    </line>
    <line>
      <![CDATA[VerifyFb_Tagline]]>
    </line>
    <line>
      <![CDATA[VerifyForgottenPassword]]>
    </line>
    <line>
      <![CDATA[VerifyCreateAnAccount]]>
    </line>
    <line>
      <![CDATA[VerifyFooterLinks]]>
    </line>
    <line>
      <![CDATA[SetEmail_id]]>
    </line>
    <line>
      <![CDATA[SetPassword]]>
    </line>
    <line>
      <![CDATA[Click_login_btn]]>
    </line>
    <line>
      <![CDATA[Verifyfb_Logo]]>
    </line>
    <line>
      <![CDATA[VerifyFb_Tagline]]>
    </line>
    <line>
      <![CDATA[VerifyForgottenPassword]]>
    </line>
    <line>
      <![CDATA[VerifyCreateAnAccount]]>
    </line>
    <line>
      <![CDATA[VerifyFooterLinks]]>
    </line>
    <line>
      <![CDATA[SetEmail_id]]>
    </line>
    <line>
      <![CDATA[SetPassword]]>
    </line>
    <line>
      <![CDATA[Click_login_btn]]>
    </line>
  </reporter-output>
  <suite started-at="2023-01-14T19:01:23 IST" name="CrossBrowserSuite" finished-at="2023-01-14T19:01:29 IST" duration-ms="5348">
    <groups>
    </groups>
    <test started-at="2023-01-14T19:01:23 IST" name="Chrome Browser Test" finished-at="2023-01-14T19:01:26 IST" duration-ms="2921">
      <class name="PomClass.LoginTest">
        <test-method is-config="true" signature="OpenBrowser(java.lang.String)[pri:0, instance:PomClass.LoginTest@932bc4a]" started-at="2023-01-14T19:01:23 IST" name="OpenBrowser" finished-at="2023-01-14T19:01:26 IST" duration-ms="2295" status="PASS">
          <params>
            <param index="0">
              <value>
                <![CDATA[chrome]]>
              </value>
            </param>
          </params>
          <reporter-output>
          </reporter-output>
        </test-method> <!-- OpenBrowser -->
        <test-method signature="Facebook_LoginPage_Test()[pri:0, instance:PomClass.LoginTest@932bc4a]" started-at="2023-01-14T19:01:26 IST" name="Facebook_LoginPage_Test" finished-at="2023-01-14T19:01:26 IST" duration-ms="433" status="PASS">
          <reporter-output>
            <line>
              <![CDATA[Verifyfb_Logo]]>
            </line>
            <line>
              <![CDATA[VerifyFb_Tagline]]>
            </line>
            <line>
              <![CDATA[VerifyForgottenPassword]]>
            </line>
            <line>
              <![CDATA[VerifyCreateAnAccount]]>
            </line>
            <line>
              <![CDATA[VerifyFooterLinks]]>
            </line>
            <line>
              <![CDATA[SetEmail_id]]>
            </line>
            <line>
              <![CDATA[SetPassword]]>
            </line>
            <line>
              <![CDATA[Click_login_btn]]>
            </line>
          </reporter-output>
        </test-method> <!-- Facebook_LoginPage_Test -->
        <test-method is-config="true" signature="CloseBrowser()[pri:0, instance:PomClass.LoginTest@932bc4a]" started-at="2023-01-14T19:01:26 IST" name="CloseBrowser" finished-at="2023-01-14T19:01:26 IST" duration-ms="160" status="PASS">
          <reporter-output>
          </reporter-output>
        </test-method> <!-- CloseBrowser -->
      </class> <!-- PomClass.LoginTest -->
    </test> <!-- Chrome Browser Test -->
    <test started-at="2023-01-14T19:01:23 IST" name="Firefox Browser Test" finished-at="2023-01-14T19:01:29 IST" duration-ms="5348">
      <class name="PomClass.LoginTest">
        <test-method is-config="true" signature="OpenBrowser(java.lang.String)[pri:0, instance:PomClass.LoginTest@71def8f8]" started-at="2023-01-14T19:01:23 IST" name="OpenBrowser" finished-at="2023-01-14T19:01:27 IST" duration-ms="3730" status="PASS">
          <params>
            <param index="0">
              <value>
                <![CDATA[firefox]]>
              </value>
            </param>
          </params>
          <reporter-output>
          </reporter-output>
        </test-method> <!-- OpenBrowser -->
        <test-method signature="Facebook_LoginPage_Test()[pri:0, instance:PomClass.LoginTest@71def8f8]" started-at="2023-01-14T19:01:27 IST" name="Facebook_LoginPage_Test" finished-at="2023-01-14T19:01:28 IST" duration-ms="979" status="PASS">
          <reporter-output>
            <line>
              <![CDATA[Verifyfb_Logo]]>
            </line>
            <line>
              <![CDATA[VerifyFb_Tagline]]>
            </line>
            <line>
              <![CDATA[VerifyForgottenPassword]]>
            </line>
            <line>
              <![CDATA[VerifyCreateAnAccount]]>
            </line>
            <line>
              <![CDATA[VerifyFooterLinks]]>
            </line>
            <line>
              <![CDATA[SetEmail_id]]>
            </line>
            <line>
              <![CDATA[SetPassword]]>
            </line>
            <line>
              <![CDATA[Click_login_btn]]>
            </line>
          </reporter-output>
        </test-method> <!-- Facebook_LoginPage_Test -->
        <test-method is-config="true" signature="CloseBrowser()[pri:0, instance:PomClass.LoginTest@71def8f8]" started-at="2023-01-14T19:01:28 IST" name="CloseBrowser" finished-at="2023-01-14T19:01:29 IST" duration-ms="625" status="PASS">
          <reporter-output>
          </reporter-output>
        </test-method> <!-- CloseBrowser -->
      </class> <!-- PomClass.LoginTest -->
    </test> <!-- Firefox Browser Test -->
  </suite> <!-- CrossBrowserSuite -->
</testng-results>
