<?xml version="1.0" encoding="UTF-8"?>
<!-- Generated by org.testng.reporters.JUnitXMLReporter -->
<testsuite ignored="3" hostname="LAPTOP-NA3OQ0PP" failures="0" tests="3" name="Test" time="0.038" errors="0" timestamp="2023-01-14T12:33:47 IST">
  <testcase classname="GroupingPractice.TestClass1" name="m1" time="0.008"/>
  <testcase classname="GroupingPractice.TestClass2" name="m3" time="0.0"/>
  <testcase classname="GroupingPractice.TestClass3" name="m5" time="0.001"/>
  <testcase classname="GroupingPractice.TestClass1" name="m2" time="0.0">
    <ignored/>
  </testcase> <!-- m2 -->
  <testcase classname="GroupingPractice.TestClass2" name="m4" time="0.0">
    <ignored/>
  </testcase> <!-- m4 -->
  <testcase classname="GroupingPractice.TestClass3" name="m6" time="0.0">
    <ignored/>
  </testcase> <!-- m6 -->
</testsuite> <!-- Test -->
